2022-07-18 12:41:14,510,510 gr50_le10_lr0.01_sgd[470488] INFO 
	*************** Client Settings ***************
	 Number of clients: 10
	 Dirichlet alpha: 0.5
	 Dataset: Cifar-10
	*************** Training Hyper-parameters ***************
	 Batch size: 64
	 Optimizer: SGD
	 Momentum: 0.0
	 Global Learning rate: 1.0
	 Local Learning rate: 0.01
	 Local epochs: 10
	 Global iteration: 50
	*************** Dataset and Models ***************
	 Dataset: Cifar-10
	 Model: Custom_cnn
	*************** Device Settings ***************
	 Core per Ray: 1
	 Number of Processes: 60
	 GPU Flag: True
	 GPU Fraction: 0.1
2022-07-18 12:41:16,647,647 gr50_le10_lr0.01_sgd[470488] INFO Data preprocessing time: 2.14
2022-07-18 12:41:19,015,015 gr50_le10_lr0.01_sgd[470488] INFO Client initializing time: 2.37
2022-07-18 12:41:24,749,749 gr50_le10_lr0.01_sgd[470488] INFO Aggregator initializing time: 5.73
2022-07-18 12:41:57,638,638 gr50_le10_lr0.01_sgd[470488] INFO Global Running time: 0::32.89
2022-07-18 12:41:57,638,638 gr50_le10_lr0.01_sgd[470488] INFO Test Accuracy: 0.2072
2022-07-18 12:42:22,825,825 gr50_le10_lr0.01_sgd[470488] INFO Global Running time: 1::25.19
2022-07-18 12:42:22,826,826 gr50_le10_lr0.01_sgd[470488] INFO Test Accuracy: 0.3655
2022-07-18 12:42:48,512,512 gr50_le10_lr0.01_sgd[470488] INFO Global Running time: 2::25.69
2022-07-18 12:42:48,512,512 gr50_le10_lr0.01_sgd[470488] INFO Test Accuracy: 0.4348
2022-07-18 12:43:14,149,149 gr50_le10_lr0.01_sgd[470488] INFO Global Running time: 3::25.64
2022-07-18 12:43:14,150,150 gr50_le10_lr0.01_sgd[470488] INFO Test Accuracy: 0.4665
2022-07-18 12:43:39,502,502 gr50_le10_lr0.01_sgd[470488] INFO Global Running time: 4::25.35
2022-07-18 12:43:39,502,502 gr50_le10_lr0.01_sgd[470488] INFO Test Accuracy: 0.4988
2022-07-18 12:44:05,200,200 gr50_le10_lr0.01_sgd[470488] INFO Global Running time: 5::25.70
2022-07-18 12:44:05,200,200 gr50_le10_lr0.01_sgd[470488] INFO Test Accuracy: 0.5162
2022-07-18 12:44:30,686,686 gr50_le10_lr0.01_sgd[470488] INFO Global Running time: 6::25.49
2022-07-18 12:44:30,687,687 gr50_le10_lr0.01_sgd[470488] INFO Test Accuracy: 0.528
2022-07-18 12:44:56,195,195 gr50_le10_lr0.01_sgd[470488] INFO Global Running time: 7::25.51
2022-07-18 12:44:56,196,196 gr50_le10_lr0.01_sgd[470488] INFO Test Accuracy: 0.5379
2022-07-18 12:45:21,756,756 gr50_le10_lr0.01_sgd[470488] INFO Global Running time: 8::25.56
2022-07-18 12:45:21,756,756 gr50_le10_lr0.01_sgd[470488] INFO Test Accuracy: 0.5541
2022-07-18 12:45:47,398,398 gr50_le10_lr0.01_sgd[470488] INFO Global Running time: 9::25.64
2022-07-18 12:45:47,398,398 gr50_le10_lr0.01_sgd[470488] INFO Test Accuracy: 0.5575
2022-07-18 12:46:13,017,017 gr50_le10_lr0.01_sgd[470488] INFO Global Running time: 10::25.62
2022-07-18 12:46:13,017,017 gr50_le10_lr0.01_sgd[470488] INFO Test Accuracy: 0.5628
2022-07-18 12:46:38,549,549 gr50_le10_lr0.01_sgd[470488] INFO Global Running time: 11::25.53
2022-07-18 12:46:38,549,549 gr50_le10_lr0.01_sgd[470488] INFO Test Accuracy: 0.5616
2022-07-18 12:47:04,353,353 gr50_le10_lr0.01_sgd[470488] INFO Global Running time: 12::25.80
2022-07-18 12:47:04,353,353 gr50_le10_lr0.01_sgd[470488] INFO Test Accuracy: 0.56
2022-07-18 12:47:29,782,782 gr50_le10_lr0.01_sgd[470488] INFO Global Running time: 13::25.43
2022-07-18 12:47:29,783,783 gr50_le10_lr0.01_sgd[470488] INFO Test Accuracy: 0.5731
2022-07-18 12:47:55,542,542 gr50_le10_lr0.01_sgd[470488] INFO Global Running time: 14::25.76
2022-07-18 12:47:55,542,542 gr50_le10_lr0.01_sgd[470488] INFO Test Accuracy: 0.5727
2022-07-18 12:48:21,163,163 gr50_le10_lr0.01_sgd[470488] INFO Global Running time: 15::25.62
2022-07-18 12:48:21,163,163 gr50_le10_lr0.01_sgd[470488] INFO Test Accuracy: 0.5789
2022-07-18 12:48:47,397,397 gr50_le10_lr0.01_sgd[470488] INFO Global Running time: 16::26.23
2022-07-18 12:48:47,397,397 gr50_le10_lr0.01_sgd[470488] INFO Test Accuracy: 0.5771
2022-07-18 12:49:14,267,267 gr50_le10_lr0.01_sgd[470488] INFO Global Running time: 17::26.87
2022-07-18 12:49:14,268,268 gr50_le10_lr0.01_sgd[470488] INFO Test Accuracy: 0.5773
2022-07-18 12:49:41,351,351 gr50_le10_lr0.01_sgd[470488] INFO Global Running time: 18::27.08
2022-07-18 12:49:41,351,351 gr50_le10_lr0.01_sgd[470488] INFO Test Accuracy: 0.5734
2022-07-18 12:50:08,231,231 gr50_le10_lr0.01_sgd[470488] INFO Global Running time: 19::26.88
2022-07-18 12:50:08,232,232 gr50_le10_lr0.01_sgd[470488] INFO Test Accuracy: 0.5735
2022-07-18 12:50:35,211,211 gr50_le10_lr0.01_sgd[470488] INFO Global Running time: 20::26.98
2022-07-18 12:50:35,211,211 gr50_le10_lr0.01_sgd[470488] INFO Test Accuracy: 0.5718
2022-07-18 12:51:02,235,235 gr50_le10_lr0.01_sgd[470488] INFO Global Running time: 21::27.02
2022-07-18 12:51:02,235,235 gr50_le10_lr0.01_sgd[470488] INFO Test Accuracy: 0.5737
2022-07-18 12:51:29,472,472 gr50_le10_lr0.01_sgd[470488] INFO Global Running time: 22::27.24
2022-07-18 12:51:29,472,472 gr50_le10_lr0.01_sgd[470488] INFO Test Accuracy: 0.5715
2022-07-18 12:51:56,184,184 gr50_le10_lr0.01_sgd[470488] INFO Global Running time: 23::26.71
2022-07-18 12:51:56,184,184 gr50_le10_lr0.01_sgd[470488] INFO Test Accuracy: 0.57
2022-07-18 12:52:23,090,090 gr50_le10_lr0.01_sgd[470488] INFO Global Running time: 24::26.91
2022-07-18 12:52:23,091,091 gr50_le10_lr0.01_sgd[470488] INFO Test Accuracy: 0.5693
2022-07-18 12:52:49,954,954 gr50_le10_lr0.01_sgd[470488] INFO Global Running time: 25::26.86
2022-07-18 12:52:49,954,954 gr50_le10_lr0.01_sgd[470488] INFO Test Accuracy: 0.5682
2022-07-18 12:53:16,950,950 gr50_le10_lr0.01_sgd[470488] INFO Global Running time: 26::27.00
2022-07-18 12:53:16,950,950 gr50_le10_lr0.01_sgd[470488] INFO Test Accuracy: 0.566
2022-07-18 12:53:43,859,859 gr50_le10_lr0.01_sgd[470488] INFO Global Running time: 27::26.91
2022-07-18 12:53:43,859,859 gr50_le10_lr0.01_sgd[470488] INFO Test Accuracy: 0.5658
2022-07-18 12:54:10,854,854 gr50_le10_lr0.01_sgd[470488] INFO Global Running time: 28::26.99
2022-07-18 12:54:10,854,854 gr50_le10_lr0.01_sgd[470488] INFO Test Accuracy: 0.5645
2022-07-18 12:54:38,015,015 gr50_le10_lr0.01_sgd[470488] INFO Global Running time: 29::27.16
2022-07-18 12:54:38,016,016 gr50_le10_lr0.01_sgd[470488] INFO Test Accuracy: 0.5632
2022-07-18 12:55:04,989,989 gr50_le10_lr0.01_sgd[470488] INFO Global Running time: 30::26.97
2022-07-18 12:55:04,989,989 gr50_le10_lr0.01_sgd[470488] INFO Test Accuracy: 0.5631
2022-07-18 12:55:32,202,202 gr50_le10_lr0.01_sgd[470488] INFO Global Running time: 31::27.21
2022-07-18 12:55:32,202,202 gr50_le10_lr0.01_sgd[470488] INFO Test Accuracy: 0.5629
2022-07-18 12:55:59,294,294 gr50_le10_lr0.01_sgd[470488] INFO Global Running time: 32::27.09
2022-07-18 12:55:59,294,294 gr50_le10_lr0.01_sgd[470488] INFO Test Accuracy: 0.5641
2022-07-18 12:56:26,505,505 gr50_le10_lr0.01_sgd[470488] INFO Global Running time: 33::27.21
2022-07-18 12:56:26,505,505 gr50_le10_lr0.01_sgd[470488] INFO Test Accuracy: 0.5613
2022-07-18 12:56:53,697,697 gr50_le10_lr0.01_sgd[470488] INFO Global Running time: 34::27.19
2022-07-18 12:56:53,697,697 gr50_le10_lr0.01_sgd[470488] INFO Test Accuracy: 0.5628
2022-07-18 12:57:20,622,622 gr50_le10_lr0.01_sgd[470488] INFO Global Running time: 35::26.92
2022-07-18 12:57:20,622,622 gr50_le10_lr0.01_sgd[470488] INFO Test Accuracy: 0.564
2022-07-18 12:57:47,663,663 gr50_le10_lr0.01_sgd[470488] INFO Global Running time: 36::27.04
2022-07-18 12:57:47,663,663 gr50_le10_lr0.01_sgd[470488] INFO Test Accuracy: 0.564
2022-07-18 12:58:15,043,043 gr50_le10_lr0.01_sgd[470488] INFO Global Running time: 37::27.38
2022-07-18 12:58:15,043,043 gr50_le10_lr0.01_sgd[470488] INFO Test Accuracy: 0.5631
2022-07-18 12:58:42,267,267 gr50_le10_lr0.01_sgd[470488] INFO Global Running time: 38::27.22
2022-07-18 12:58:42,267,267 gr50_le10_lr0.01_sgd[470488] INFO Test Accuracy: 0.5624
2022-07-18 12:59:09,473,473 gr50_le10_lr0.01_sgd[470488] INFO Global Running time: 39::27.21
2022-07-18 12:59:09,473,473 gr50_le10_lr0.01_sgd[470488] INFO Test Accuracy: 0.5646
2022-07-18 12:59:36,672,672 gr50_le10_lr0.01_sgd[470488] INFO Global Running time: 40::27.20
2022-07-18 12:59:36,672,672 gr50_le10_lr0.01_sgd[470488] INFO Test Accuracy: 0.5635
2022-07-18 13:00:04,068,068 gr50_le10_lr0.01_sgd[470488] INFO Global Running time: 41::27.40
2022-07-18 13:00:04,068,068 gr50_le10_lr0.01_sgd[470488] INFO Test Accuracy: 0.5628
2022-07-18 13:00:31,465,465 gr50_le10_lr0.01_sgd[470488] INFO Global Running time: 42::27.40
2022-07-18 13:00:31,465,465 gr50_le10_lr0.01_sgd[470488] INFO Test Accuracy: 0.5642
2022-07-18 13:00:58,701,701 gr50_le10_lr0.01_sgd[470488] INFO Global Running time: 43::27.24
2022-07-18 13:00:58,701,701 gr50_le10_lr0.01_sgd[470488] INFO Test Accuracy: 0.5635
2022-07-18 13:01:26,029,029 gr50_le10_lr0.01_sgd[470488] INFO Global Running time: 44::27.33
2022-07-18 13:01:26,029,029 gr50_le10_lr0.01_sgd[470488] INFO Test Accuracy: 0.5621
2022-07-18 13:01:53,348,348 gr50_le10_lr0.01_sgd[470488] INFO Global Running time: 45::27.32
2022-07-18 13:01:53,348,348 gr50_le10_lr0.01_sgd[470488] INFO Test Accuracy: 0.563
2022-07-18 13:02:20,379,379 gr50_le10_lr0.01_sgd[470488] INFO Global Running time: 46::27.03
2022-07-18 13:02:20,379,379 gr50_le10_lr0.01_sgd[470488] INFO Test Accuracy: 0.562
2022-07-18 13:02:47,529,529 gr50_le10_lr0.01_sgd[470488] INFO Global Running time: 47::27.15
2022-07-18 13:02:47,529,529 gr50_le10_lr0.01_sgd[470488] INFO Test Accuracy: 0.5617
2022-07-18 13:03:14,617,617 gr50_le10_lr0.01_sgd[470488] INFO Global Running time: 48::27.09
2022-07-18 13:03:14,617,617 gr50_le10_lr0.01_sgd[470488] INFO Test Accuracy: 0.5617
2022-07-18 13:03:41,968,968 gr50_le10_lr0.01_sgd[470488] INFO Global Running time: 49::27.35
2022-07-18 13:03:41,968,968 gr50_le10_lr0.01_sgd[470488] INFO Test Accuracy: 0.5633
2022-07-18 13:03:41,969,969 gr50_le10_lr0.01_sgd[470488] INFO Experiment finished: gr50_le10_lr0.01_sgd
2022-07-18 13:03:41,969,969 gr50_le10_lr0.01_sgd[470488] INFO Global Running time: 1337.22
